Compiling the C compiler identification source file "CMakeCCompilerId.c" failed.
Compiler: C:/MinGW/bin/g++.exe 
Build flags: 
Id flags:  

The output was:
1
CMakeCCompilerId.c:2:3: error: #error "A C++ compiler has been selected for C."
 # error "A C++ compiler has been selected for C."
   ^~~~~


Compiling the C compiler identification source file "CMakeCCompilerId.c" failed.
Compiler: C:/MinGW/bin/g++.exe 
Build flags: 
Id flags: -c 

The output was:
1
CMakeCCompilerId.c:2:3: error: #error "A C++ compiler has been selected for C."
 # error "A C++ compiler has been selected for C."
   ^~~~~


Compiling the C compiler identification source file "CMakeCCompilerId.c" failed.
Compiler: C:/MinGW/bin/g++.exe 
Build flags: 
Id flags: -Aa 

The output was:
1
<command-line>:0:1: error: missing '(' after predicate
CMakeCCompilerId.c:2:3: error: #error "A C++ compiler has been selected for C."
 # error "A C++ compiler has been selected for C."
   ^~~~~


Compiling the C compiler identification source file "CMakeCCompilerId.c" failed.
Compiler: C:/MinGW/bin/g++.exe 
Build flags: 
Id flags: -D__CLASSIC_C__ 

The output was:
1
CMakeCCompilerId.c:2:3: error: #error "A C++ compiler has been selected for C."
 # error "A C++ compiler has been selected for C."
   ^~~~~
CMakeCCompilerId.c:321:64: warning: ISO C++ forbids converting a string constant to 'char*' [-Wwrite-strings]
 char const* info_compiler = "INFO" ":" "compiler[" COMPILER_ID "]";
                                                                ^~~
CMakeCCompilerId.c:614:64: warning: ISO C++ forbids converting a string constant to 'char*' [-Wwrite-strings]
 char const* info_platform = "INFO" ":" "platform[" PLATFORM_ID "]";
                                                                ^~~
CMakeCCompilerId.c:615:60: warning: ISO C++ forbids converting a string constant to 'char*' [-Wwrite-strings]
 char const* info_arch = "INFO" ":" "arch[" ARCHITECTURE_ID "]";
                                                            ^~~
CMakeCCompilerId.c:635:43: warning: ISO C++ forbids converting a string constant to 'char*' [-Wwrite-strings]
   "INFO" ":" "dialect_default[" C_DIALECT "]";
                                           ^~~
CMakeCCompilerId.c:643:10: error: cannot declare '::main' to be a global variable
 int main(argc, argv) int argc; char *argv[];
          ^~~~
CMakeCCompilerId.c:643:10: error: 'argc' was not declared in this scope
CMakeCCompilerId.c:643:16: error: 'argv' was not declared in this scope
 int main(argc, argv) int argc; char *argv[];
                ^~~~
CMakeCCompilerId.c:643:20: error: expression list treated as compound expression in initializer [-fpermissive]
 int main(argc, argv) int argc; char *argv[];
                    ^
CMakeCCompilerId.c:643:43: error: storage size of 'argv' isn't known
 int main(argc, argv) int argc; char *argv[];
                                           ^
CMakeCCompilerId.c:647:1: error: expected unqualified-id before '{' token
 {
 ^


Compiling the C compiler identification source file "CMakeCCompilerId.c" failed.
Compiler: C:/MinGW/bin/g++.exe 
Build flags: 
Id flags: --target=arm-arm-none-eabi;-mcpu=cortex-m3 

The output was:
1
g++.exe: warning: '-mcpu=' is deprecated; use '-mtune=' or '-march=' instead
cc1plus.exe: warning: command line option '-ftarget=arm-arm-none-eabi' is valid for Java but not for C++
CMakeCCompilerId.c:1:0: error: bad value (cortex-m3) for -mtune= switch
 #ifdef __cplusplus
 


Compiling the C compiler identification source file "CMakeCCompilerId.c" failed.
Compiler: C:/MinGW/bin/g++.exe 
Build flags: 
Id flags:  

The output was:
1
CMakeCCompilerId.c:2:3: error: #error "A C++ compiler has been selected for C."
 # error "A C++ compiler has been selected for C."
   ^~~~~


Compiling the C compiler identification source file "CMakeCCompilerId.c" failed.
Compiler: C:/MinGW/bin/g++.exe 
Build flags: 
Id flags: -c 

The output was:
1
CMakeCCompilerId.c:2:3: error: #error "A C++ compiler has been selected for C."
 # error "A C++ compiler has been selected for C."
   ^~~~~


Compiling the C compiler identification source file "CMakeCCompilerId.c" failed.
Compiler: C:/MinGW/bin/g++.exe 
Build flags: 
Id flags: -Aa 

The output was:
1
<command-line>:0:1: error: missing '(' after predicate
CMakeCCompilerId.c:2:3: error: #error "A C++ compiler has been selected for C."
 # error "A C++ compiler has been selected for C."
   ^~~~~


Compiling the C compiler identification source file "CMakeCCompilerId.c" failed.
Compiler: C:/MinGW/bin/g++.exe 
Build flags: 
Id flags: -D__CLASSIC_C__ 

The output was:
1
CMakeCCompilerId.c:2:3: error: #error "A C++ compiler has been selected for C."
 # error "A C++ compiler has been selected for C."
   ^~~~~
CMakeCCompilerId.c:321:64: warning: ISO C++ forbids converting a string constant to 'char*' [-Wwrite-strings]
 char const* info_compiler = "INFO" ":" "compiler[" COMPILER_ID "]";
                                                                ^~~
CMakeCCompilerId.c:614:64: warning: ISO C++ forbids converting a string constant to 'char*' [-Wwrite-strings]
 char const* info_platform = "INFO" ":" "platform[" PLATFORM_ID "]";
                                                                ^~~
CMakeCCompilerId.c:615:60: warning: ISO C++ forbids converting a string constant to 'char*' [-Wwrite-strings]
 char const* info_arch = "INFO" ":" "arch[" ARCHITECTURE_ID "]";
                                                            ^~~
CMakeCCompilerId.c:635:43: warning: ISO C++ forbids converting a string constant to 'char*' [-Wwrite-strings]
   "INFO" ":" "dialect_default[" C_DIALECT "]";
                                           ^~~
CMakeCCompilerId.c:643:10: error: cannot declare '::main' to be a global variable
 int main(argc, argv) int argc; char *argv[];
          ^~~~
CMakeCCompilerId.c:643:10: error: 'argc' was not declared in this scope
CMakeCCompilerId.c:643:16: error: 'argv' was not declared in this scope
 int main(argc, argv) int argc; char *argv[];
                ^~~~
CMakeCCompilerId.c:643:20: error: expression list treated as compound expression in initializer [-fpermissive]
 int main(argc, argv) int argc; char *argv[];
                    ^
CMakeCCompilerId.c:643:43: error: storage size of 'argv' isn't known
 int main(argc, argv) int argc; char *argv[];
                                           ^
CMakeCCompilerId.c:647:1: error: expected unqualified-id before '{' token
 {
 ^


Compiling the C compiler identification source file "CMakeCCompilerId.c" failed.
Compiler: C:/MinGW/bin/g++.exe 
Build flags: 
Id flags: --target=arm-arm-none-eabi;-mcpu=cortex-m3 

The output was:
1
g++.exe: warning: '-mcpu=' is deprecated; use '-mtune=' or '-march=' instead
cc1plus.exe: warning: command line option '-ftarget=arm-arm-none-eabi' is valid for Java but not for C++
CMakeCCompilerId.c:1:0: error: bad value (cortex-m3) for -mtune= switch
 #ifdef __cplusplus
 


Checking whether the C compiler is IAR using "" did not match "IAR .+ Compiler":
g++.exe: fatal error: no input files
compilation terminated.
Checking whether the C compiler is IAR using "" did not match "IAR .+ Compiler":
g++.exe: fatal error: no input files
compilation terminated.
Determining if the C compiler works failed with the following output:
Change Dir: C:/Users/nikol/OneDrive/Рабочий стол/Lab/vvp1/untitled/cmake-build-debug/CMakeFiles/CMakeTmp

Run Build Command(s):C:/MinGW/bin/mingw32-make.exe cmTC_91200/fast && C:/MinGW/bin/mingw32-make.exe -f CMakeFiles\cmTC_91200.dir\build.make CMakeFiles/cmTC_91200.dir/build
mingw32-make.exe[1]: Entering directory 'C:/Users/nikol/OneDrive/╨рсюўшщ ёЄюы/Lab/vvp1/untitled/cmake-build-debug/CMakeFiles/CMakeTmp'
Building C object CMakeFiles/cmTC_91200.dir/testCCompiler.c.obj
C:\MinGW\bin\g++.exe    -o CMakeFiles\cmTC_91200.dir\testCCompiler.c.obj   -c "C:\Users\nikol\OneDrive\╨а╨░╨▒╨╛╤З╨╕╨╣ ╤Б╤В╨╛╨╗\Lab\vvp1\untitled\cmake-build-debug\CMakeFiles\CMakeTmp\testCCompiler.c"
g++.exe: error: C:\Users\nikol\OneDrive\жрж-ж-ж-T╟жмжж T┴T┬ж-жм\Lab\vvp1\untitled\cmake-build-debug\CMakeFiles\CMakeTmp\testCCompiler.c: No such file or directory
g++.exe: fatal error: no input files
compilation terminated.
CMakeFiles\cmTC_91200.dir\build.make:64: recipe for target 'CMakeFiles/cmTC_91200.dir/testCCompiler.c.obj' failed
mingw32-make.exe[1]: *** [CMakeFiles/cmTC_91200.dir/testCCompiler.c.obj] Error 1
mingw32-make.exe[1]: Leaving directory 'C:/Users/nikol/OneDrive/╨рсюўшщ ёЄюы/Lab/vvp1/untitled/cmake-build-debug/CMakeFiles/CMakeTmp'
Makefile:120: recipe for target 'cmTC_91200/fast' failed
mingw32-make.exe: *** [cmTC_91200/fast] Error 2



